<?xml version="1.0" encoding="UTF-8"?>
<!-- Generated by org.testng.reporters.JUnitXMLReporter -->
<testsuite ignored="9" hostname="LAPTOP-M0DC3E7R" failures="0" tests="1" name="Default test" time="15.766" errors="0" timestamp="2022-06-21T23:51:26 IST">
  <testcase classname="Test.Testzerodahomepage" name="openmarketdepthTest" time="4.925"/>
  <testcase classname="Test.Testzerodahomepage" name="addsharetowathchlistTest" time="0.0">
    <ignored/>
  </testcase> <!-- addsharetowathchlistTest -->
  <testcase classname="Test.Testzerodahomepage" name="specificsharefromwatchlist" time="0.0">
    <ignored/>
  </testcase> <!-- specificsharefromwatchlist -->
  <testcase classname="Test.Testzerodahomepage" name="buysharebyusingsearchTest" time="0.0">
    <ignored/>
  </testcase> <!-- buysharebyusingsearchTest -->
  <testcase classname="Test.Testzerodahomepage" name="deletespecifsharefromwatchlist" time="0.0">
    <ignored/>
  </testcase> <!-- deletespecifsharefromwatchlist -->
  <testcase classname="Test.Testzerodahomepage" name="buyshrefromwatchlistTest" time="0.0">
    <ignored/>
  </testcase> <!-- buyshrefromwatchlistTest -->
  <testcase classname="Test.Testzerodahomepage" name="openchartTest" time="0.0">
    <ignored/>
  </testcase> <!-- openchartTest -->
  <testcase classname="Test.Testzerodahomepage" name="buyspecificsharefromwatchlist" time="0.0">
    <ignored/>
  </testcase> <!-- buyspecificsharefromwatchlist -->
  <testcase classname="Test.Testzerodahomepage" name="sellsharefromwatchlist" time="0.0">
    <ignored/>
  </testcase> <!-- sellsharefromwatchlist -->
  <testcase classname="Test.Testzerodahomepage" name="sellshareusingsearchTest" time="0.0">
    <ignored/>
  </testcase> <!-- sellshareusingsearchTest -->
</testsuite> <!-- Default test -->
